<?xml version="1.0" encoding="UTF-8"?>
<!-- Generated by org.testng.reporters.JUnitReportReporter -->
<testsuite skipped="0" hostname="Fractal-PC" name="pageobjectstests.ContextMenuPageTest" tests="1" failures="0" timestamp="06 Jul 2022 16:27:30 GMT" time="2.305" errors="0">
  <testcase name="contextClickTest" time="2.305" classname="pageobjectstests.ContextMenuPageTest"/>
</testsuite> <!-- pageobjectstests.ContextMenuPageTest -->
