<?xml version="1.0" encoding="UTF-8"?>
<!-- Generated by org.testng.reporters.JUnitReportReporter -->
<testsuite skipped="0" hostname="Fractal-PC" name="pageobjectstests.CheckboxesPageTest" tests="1" failures="0" timestamp="06 Jul 2022 16:27:30 GMT" time="3.317" errors="0">
  <testcase name="clickUnclickCheckboxesTest" time="3.317" classname="pageobjectstests.CheckboxesPageTest"/>
</testsuite> <!-- pageobjectstests.CheckboxesPageTest -->
