<?xml version="1.0" encoding="UTF-8"?>
<!-- Generated by org.testng.reporters.JUnitReportReporter -->
<testsuite skipped="0" hostname="Fractal-PC" name="pageobjectstests.HorizontalSliderPageTest" tests="1" failures="0" timestamp="06 Jul 2022 16:27:30 GMT" time="2.717" errors="0">
  <testcase name="moveSliderHorizontallyTest" time="2.717" classname="pageobjectstests.HorizontalSliderPageTest"/>
</testsuite> <!-- pageobjectstests.HorizontalSliderPageTest -->
